2013/05/07 21:52:42 [error] [exception.CHttpException.404] exception 'CHttpException' with message 'The system is unable to find the requested action "index".' in D:\www\0507\framework\web\CController.php:483
Stack trace:
#0 D:\www\0507\framework\web\CController.php(270): CController->missingAction('')
#1 D:\www\0507\framework\web\CWebApplication.php(282): CController->run('')
#2 D:\www\0507\framework\web\CWebApplication.php(141): CWebApplication->runController('')
#3 D:\www\0507\framework\base\CApplication.php(169): CWebApplication->processRequest()
#4 D:\www\0507\shop\index.php(16): CApplication->run()
#5 {main}
REQUEST_URI=/
---
2013/05/08 15:35:49 [error] [exception.CException] exception 'CException' with message 'Alias "admin.AdminModule" is invalid. Make sure it points to an existing PHP file and the file is readable.' in D:\www\0507\framework\YiiBase.php:316
Stack trace:
#0 D:\www\0507\framework\YiiBase.php(196): YiiBase::import('admin.AdminModu...', true)
#1 D:\www\0507\framework\base\CModule.php(282): YiiBase::createComponent('admin.AdminModu...', 'admin', NULL, Array)
#2 D:\www\0507\framework\web\CWebApplication.php(337): CModule->getModule('admin')
#3 D:\www\0507\framework\web\CWebApplication.php(276): CWebApplication->createController('admin/manager/l...')
#4 D:\www\0507\framework\web\CWebApplication.php(141): CWebApplication->runController('admin/manager/l...')
#5 D:\www\0507\framework\base\CApplication.php(169): CWebApplication->processRequest()
#6 D:\www\0507\shop\index.php(16): CApplication->run()
#7 {main}
REQUEST_URI=/index.php?r=admin/manager/login
---
2016/04/19 18:03:19 [error] [exception.CHttpException.404] exception 'CHttpException' with message 'Unable to resolve the request "site/say".' in D:\work\2016\com.meiposhuo\framework\web\CWebApplication.php:286
Stack trace:
#0 D:\work\2016\com.meiposhuo\framework\web\CWebApplication.php(141): CWebApplication->runController('site/say')
#1 D:\work\2016\com.meiposhuo\framework\base\CApplication.php(185): CWebApplication->processRequest()
#2 D:\work\2016\com.meiposhuo\shuo\index.php(13): CApplication->run()
#3 {main}
REQUEST_URI=/index.php?r=site/say&message=Hello+World
---
2016/04/19 18:03:22 [error] [exception.CHttpException.404] exception 'CHttpException' with message 'Unable to resolve the request "site/say".' in D:\work\2016\com.meiposhuo\framework\web\CWebApplication.php:286
Stack trace:
#0 D:\work\2016\com.meiposhuo\framework\web\CWebApplication.php(141): CWebApplication->runController('site/say')
#1 D:\work\2016\com.meiposhuo\framework\base\CApplication.php(185): CWebApplication->processRequest()
#2 D:\work\2016\com.meiposhuo\shuo\index.php(13): CApplication->run()
#3 {main}
REQUEST_URI=/index.php?r=site/say&message=Hello+World
---
2016/04/19 18:17:45 [error] [exception.CException] exception 'CException' with message 'IndexController cannot find the requested view "index".' in D:\work\2016\com.meiposhuo\framework\web\CController.php:878
Stack trace:
#0 D:\work\2016\com.meiposhuo\framework\web\CController.php(782): CController->renderPartial('index', NULL, true)
#1 D:\work\2016\com.meiposhuo\shuo\protected\controllers\IndexController.php(12): CController->render('index')
#2 D:\work\2016\com.meiposhuo\framework\web\actions\CInlineAction.php(49): IndexController->actionIndex()
#3 D:\work\2016\com.meiposhuo\framework\web\CController.php(308): CInlineAction->runWithParams(Array)
#4 D:\work\2016\com.meiposhuo\framework\web\CController.php(286): CController->runAction(Object(CInlineAction))
#5 D:\work\2016\com.meiposhuo\framework\web\CController.php(265): CController->runActionWithFilters(Object(CInlineAction), Array)
#6 D:\work\2016\com.meiposhuo\framework\web\CWebApplication.php(282): CController->run('')
#7 D:\work\2016\com.meiposhuo\framework\web\CWebApplication.php(141): CWebApplication->runController('')
#8 D:\work\2016\com.meiposhuo\framework\base\CApplication.php(185): CWebApplication->processRequest()
#9 D:\work\2016\com.meiposhuo\shuo\index.php(13): CApplication->run()
#10 {main}
REQUEST_URI=/
---
2016/04/19 18:29:26 [error] [exception.CException] exception 'CException' with message 'UserController cannot find the requested view "login".' in D:\work\2016\com.meiposhuo\framework\web\CController.php:878
Stack trace:
#0 D:\work\2016\com.meiposhuo\framework\web\CController.php(782): CController->renderPartial('login', NULL, true)
#1 D:\work\2016\com.meiposhuo\shuo\protected\controllers\UserController.php(14): CController->render('login')
#2 D:\work\2016\com.meiposhuo\framework\web\actions\CInlineAction.php(49): UserController->actionLogin()
#3 D:\work\2016\com.meiposhuo\framework\web\CController.php(308): CInlineAction->runWithParams(Array)
#4 D:\work\2016\com.meiposhuo\framework\web\CController.php(286): CController->runAction(Object(CInlineAction))
#5 D:\work\2016\com.meiposhuo\framework\web\CController.php(265): CController->runActionWithFilters(Object(CInlineAction), Array)
#6 D:\work\2016\com.meiposhuo\framework\web\CWebApplication.php(282): CController->run('login')
#7 D:\work\2016\com.meiposhuo\framework\web\CWebApplication.php(141): CWebApplication->runController('user/login')
#8 D:\work\2016\com.meiposhuo\framework\base\CApplication.php(185): CWebApplication->processRequest()
#9 D:\work\2016\com.meiposhuo\shuo\index.php(13): CApplication->run()
#10 {main}
REQUEST_URI=/index.php?r=user/login
---
2016/04/19 18:31:45 [error] [php] Use of undefined constant IMG_URL - assumed 'IMG_URL' (D:\work\2016\com.meiposhuo\shuo\protected\views\user\login.php:48)
Stack trace:
#0 D:\work\2016\com.meiposhuo\framework\web\CController.php(869): UserController->renderFile()
#1 D:\work\2016\com.meiposhuo\framework\web\CController.php(782): UserController->renderPartial()
#2 D:\work\2016\com.meiposhuo\shuo\protected\controllers\UserController.php(14): UserController->render()
#3 D:\work\2016\com.meiposhuo\framework\web\actions\CInlineAction.php(49): UserController->actionLogin()
#4 D:\work\2016\com.meiposhuo\framework\web\CController.php(308): CInlineAction->runWithParams()
#5 D:\work\2016\com.meiposhuo\framework\web\CController.php(286): UserController->runAction()
#6 D:\work\2016\com.meiposhuo\framework\web\CController.php(265): UserController->runActionWithFilters()
#7 D:\work\2016\com.meiposhuo\framework\web\CWebApplication.php(282): UserController->run()
#8 D:\work\2016\com.meiposhuo\framework\web\CWebApplication.php(141): CWebApplication->runController()
#9 D:\work\2016\com.meiposhuo\framework\base\CApplication.php(185): CWebApplication->processRequest()
#10 D:\work\2016\com.meiposhuo\shuo\index.php(13): CWebApplication->run()
REQUEST_URI=/index.php?r=user/login
in D:\work\2016\com.meiposhuo\shuo\protected\views\user\login.php (48)
in D:\work\2016\com.meiposhuo\shuo\protected\controllers\UserController.php (14)
in D:\work\2016\com.meiposhuo\shuo\index.php (13)
2016/04/19 18:39:10 [error] [php] Use of undefined constant IMG_URL - assumed 'IMG_URL' (D:\work\2016\com.meiposhuo\shuo\protected\views\user\login.php:48)
Stack trace:
#0 D:\work\2016\com.meiposhuo\framework\web\CController.php(869): UserController->renderFile()
#1 D:\work\2016\com.meiposhuo\framework\web\CController.php(782): UserController->renderPartial()
#2 D:\work\2016\com.meiposhuo\shuo\protected\controllers\UserController.php(14): UserController->render()
#3 D:\work\2016\com.meiposhuo\framework\web\actions\CInlineAction.php(49): UserController->actionLogin()
#4 D:\work\2016\com.meiposhuo\framework\web\CController.php(308): CInlineAction->runWithParams()
#5 D:\work\2016\com.meiposhuo\framework\web\CController.php(286): UserController->runAction()
#6 D:\work\2016\com.meiposhuo\framework\web\CController.php(265): UserController->runActionWithFilters()
#7 D:\work\2016\com.meiposhuo\framework\web\CWebApplication.php(282): UserController->run()
#8 D:\work\2016\com.meiposhuo\framework\web\CWebApplication.php(141): CWebApplication->runController()
#9 D:\work\2016\com.meiposhuo\framework\base\CApplication.php(185): CWebApplication->processRequest()
#10 D:\work\2016\com.meiposhuo\shuo\index.php(13): CWebApplication->run()
REQUEST_URI=/index.php?r=user/login
in D:\work\2016\com.meiposhuo\shuo\protected\views\user\login.php (48)
in D:\work\2016\com.meiposhuo\shuo\protected\controllers\UserController.php (14)
in D:\work\2016\com.meiposhuo\shuo\index.php (13)
2016/04/19 18:39:36 [error] [php] Use of undefined constant IMG_URL - assumed 'IMG_URL' (D:\work\2016\com.meiposhuo\shuo\protected\views\user\login.php:48)
Stack trace:
#0 D:\work\2016\com.meiposhuo\framework\web\CController.php(869): UserController->renderFile()
#1 D:\work\2016\com.meiposhuo\framework\web\CController.php(782): UserController->renderPartial()
#2 D:\work\2016\com.meiposhuo\shuo\protected\controllers\UserController.php(14): UserController->render()
#3 D:\work\2016\com.meiposhuo\framework\web\actions\CInlineAction.php(49): UserController->actionLogin()
#4 D:\work\2016\com.meiposhuo\framework\web\CController.php(308): CInlineAction->runWithParams()
#5 D:\work\2016\com.meiposhuo\framework\web\CController.php(286): UserController->runAction()
#6 D:\work\2016\com.meiposhuo\framework\web\CController.php(265): UserController->runActionWithFilters()
#7 D:\work\2016\com.meiposhuo\framework\web\CWebApplication.php(282): UserController->run()
#8 D:\work\2016\com.meiposhuo\framework\web\CWebApplication.php(141): CWebApplication->runController()
#9 D:\work\2016\com.meiposhuo\framework\base\CApplication.php(185): CWebApplication->processRequest()
#10 D:\work\2016\com.meiposhuo\shuo\index.php(13): CWebApplication->run()
REQUEST_URI=/index.php?r=user/login
in D:\work\2016\com.meiposhuo\shuo\protected\views\user\login.php (48)
in D:\work\2016\com.meiposhuo\shuo\protected\controllers\UserController.php (14)
in D:\work\2016\com.meiposhuo\shuo\index.php (13)
2016/04/19 18:43:37 [error] [php] Use of undefined constant IMG_URL - assumed 'IMG_URL' (D:\work\2016\com.meiposhuo\shuo\protected\views\user\login.php:48)
Stack trace:
#0 D:\work\2016\com.meiposhuo\framework\web\CController.php(869): UserController->renderFile()
#1 D:\work\2016\com.meiposhuo\framework\web\CController.php(782): UserController->renderPartial()
#2 D:\work\2016\com.meiposhuo\shuo\protected\controllers\UserController.php(14): UserController->render()
#3 D:\work\2016\com.meiposhuo\framework\web\actions\CInlineAction.php(49): UserController->actionLogin()
#4 D:\work\2016\com.meiposhuo\framework\web\CController.php(308): CInlineAction->runWithParams()
#5 D:\work\2016\com.meiposhuo\framework\web\CController.php(286): UserController->runAction()
#6 D:\work\2016\com.meiposhuo\framework\web\CController.php(265): UserController->runActionWithFilters()
#7 D:\work\2016\com.meiposhuo\framework\web\CWebApplication.php(282): UserController->run()
#8 D:\work\2016\com.meiposhuo\framework\web\CWebApplication.php(141): CWebApplication->runController()
#9 D:\work\2016\com.meiposhuo\framework\base\CApplication.php(185): CWebApplication->processRequest()
#10 D:\work\2016\com.meiposhuo\shuo\index.php(13): CWebApplication->run()
REQUEST_URI=/index.php?r=user/login
in D:\work\2016\com.meiposhuo\shuo\protected\views\user\login.php (48)
in D:\work\2016\com.meiposhuo\shuo\protected\controllers\UserController.php (14)
in D:\work\2016\com.meiposhuo\shuo\index.php (13)
2016/04/19 18:46:49 [error] [php] Use of undefined constant IMG_URL - assumed 'IMG_URL' (D:\work\2016\com.meiposhuo\shuo\protected\views\user\login.php:48)
Stack trace:
#0 D:\work\2016\com.meiposhuo\framework\web\CController.php(869): UserController->renderFile()
#1 D:\work\2016\com.meiposhuo\framework\web\CController.php(782): UserController->renderPartial()
#2 D:\work\2016\com.meiposhuo\shuo\protected\controllers\UserController.php(14): UserController->render()
#3 D:\work\2016\com.meiposhuo\framework\web\actions\CInlineAction.php(49): UserController->actionLogin()
#4 D:\work\2016\com.meiposhuo\framework\web\CController.php(308): CInlineAction->runWithParams()
#5 D:\work\2016\com.meiposhuo\framework\web\CController.php(286): UserController->runAction()
#6 D:\work\2016\com.meiposhuo\framework\web\CController.php(265): UserController->runActionWithFilters()
#7 D:\work\2016\com.meiposhuo\framework\web\CWebApplication.php(282): UserController->run()
#8 D:\work\2016\com.meiposhuo\framework\web\CWebApplication.php(141): CWebApplication->runController()
#9 D:\work\2016\com.meiposhuo\framework\base\CApplication.php(185): CWebApplication->processRequest()
#10 D:\work\2016\com.meiposhuo\shuo\index.php(13): CWebApplication->run()
REQUEST_URI=/index.php?r=user/login
in D:\work\2016\com.meiposhuo\shuo\protected\views\user\login.php (48)
in D:\work\2016\com.meiposhuo\shuo\protected\controllers\UserController.php (14)
in D:\work\2016\com.meiposhuo\shuo\index.php (13)
2016/04/19 18:46:52 [error] [php] Use of undefined constant IMG_URL - assumed 'IMG_URL' (D:\work\2016\com.meiposhuo\shuo\protected\views\user\login.php:48)
Stack trace:
#0 D:\work\2016\com.meiposhuo\framework\web\CController.php(869): UserController->renderFile()
#1 D:\work\2016\com.meiposhuo\framework\web\CController.php(782): UserController->renderPartial()
#2 D:\work\2016\com.meiposhuo\shuo\protected\controllers\UserController.php(14): UserController->render()
#3 D:\work\2016\com.meiposhuo\framework\web\actions\CInlineAction.php(49): UserController->actionLogin()
#4 D:\work\2016\com.meiposhuo\framework\web\CController.php(308): CInlineAction->runWithParams()
#5 D:\work\2016\com.meiposhuo\framework\web\CController.php(286): UserController->runAction()
#6 D:\work\2016\com.meiposhuo\framework\web\CController.php(265): UserController->runActionWithFilters()
#7 D:\work\2016\com.meiposhuo\framework\web\CWebApplication.php(282): UserController->run()
#8 D:\work\2016\com.meiposhuo\framework\web\CWebApplication.php(141): CWebApplication->runController()
#9 D:\work\2016\com.meiposhuo\framework\base\CApplication.php(185): CWebApplication->processRequest()
#10 D:\work\2016\com.meiposhuo\shuo\index.php(13): CWebApplication->run()
REQUEST_URI=/index.php?r=user/login
in D:\work\2016\com.meiposhuo\shuo\protected\views\user\login.php (48)
in D:\work\2016\com.meiposhuo\shuo\protected\controllers\UserController.php (14)
in D:\work\2016\com.meiposhuo\shuo\index.php (13)
2016/04/19 18:47:39 [error] [php] Use of undefined constant IMG_URL - assumed 'IMG_URL' (D:\work\2016\com.meiposhuo\shuo\protected\views\user\login.php:48)
Stack trace:
#0 D:\work\2016\com.meiposhuo\framework\web\CController.php(869): UserController->renderFile()
#1 D:\work\2016\com.meiposhuo\framework\web\CController.php(782): UserController->renderPartial()
#2 D:\work\2016\com.meiposhuo\shuo\protected\controllers\UserController.php(14): UserController->render()
#3 D:\work\2016\com.meiposhuo\framework\web\actions\CInlineAction.php(49): UserController->actionLogin()
#4 D:\work\2016\com.meiposhuo\framework\web\CController.php(308): CInlineAction->runWithParams()
#5 D:\work\2016\com.meiposhuo\framework\web\CController.php(286): UserController->runAction()
#6 D:\work\2016\com.meiposhuo\framework\web\CController.php(265): UserController->runActionWithFilters()
#7 D:\work\2016\com.meiposhuo\framework\web\CWebApplication.php(282): UserController->run()
#8 D:\work\2016\com.meiposhuo\framework\web\CWebApplication.php(141): CWebApplication->runController()
#9 D:\work\2016\com.meiposhuo\framework\base\CApplication.php(185): CWebApplication->processRequest()
#10 D:\work\2016\com.meiposhuo\shuo\index.php(13): CWebApplication->run()
REQUEST_URI=/index.php?r=user/login
in D:\work\2016\com.meiposhuo\shuo\protected\views\user\login.php (48)
in D:\work\2016\com.meiposhuo\shuo\protected\controllers\UserController.php (14)
in D:\work\2016\com.meiposhuo\shuo\index.php (13)
